{
  "stats": {
    "suites": 1,
    "tests": 1,
    "passes": 0,
    "pending": 0,
    "failures": 1,
    "start": "2020-06-18T10:02:53.113Z",
    "end": "2020-06-18T10:05:15.186Z",
    "duration": 142073,
    "testsRegistered": 1,
    "passPercent": 0,
    "pendingPercent": 0,
    "other": 0,
    "hasOther": false,
    "skipped": 0,
    "hasSkipped": false
  },
  "results": [
    {
      "uuid": "55a2aec2-f808-4a40-8f62-b6a386fe138a",
      "title": "",
      "fullFile": "cypress\\integration\\slackTestsuite\\TC10_managePermissions.js",
      "file": "cypress\\integration\\slackTestsuite\\TC10_managePermissions.js",
      "beforeHooks": [],
      "afterHooks": [],
      "tests": [],
      "suites": [
        {
          "uuid": "9c7f0189-5122-46a8-98cc-d6d3540fbe91",
          "title": "TC10 Manage Permissions",
          "fullFile": "",
          "file": "",
          "beforeHooks": [],
          "afterHooks": [],
          "tests": [
            {
              "title": "manage Permissions",
              "fullTitle": "TC10 Manage Permissions manage Permissions",
              "timedOut": null,
              "duration": 124872,
              "state": "failed",
              "speed": null,
              "pass": false,
              "fail": true,
              "pending": false,
              "context": null,
              "code": "var homePg = new _slackHomePg[\"default\"]();\nvar adminPage = new _adminPg[\"default\"]();\nvar signOutPage = new _signOutPg[\"default\"](); //Login into Slack\nvar url = Cypress.env('url2');\ncy.visit(url);\ncy.slackLoggingIn(this.data.email, this.data.password); //Team Menu Page\nhomePg.getTeamHeaderMenu().click();\ncy.searchTeamMenu('Settings & administration');\ncy.searchTeamSubMenu('Manage members');\ncy.visit(url + '/admin'); // Admin- manage members page - Change permissions for first user\n//var memberName, memberEmail\nadminPage.getMemberNameLocator().invoke('text').as('memberName');\nadminPage.getMemberEmailLocator().then(function ($eleMemberEmail) {\n  var memberEmail = $eleMemberEmail.text().trim();\n  cy.log(memberEmail);\n});\nadminPage.getAdminMemberTblMenuBtn().click();\nadminPage.getAdminMemberTblMenuOptions().eq(1).contains('Change account type').click();\nadminPage.selAccountAsAdmin().click(); // account type - admin\nadminPage.getChangeAcctType_SaveBtn().click(); //Verify that account type is changed to Workspace admin\ncy.wait(2000);\nadminPage.getChangedAcctType().then(function ($eleAcctType) {\n  expect($eleAcctType.text().trim()).to.contain('Workspace Admin');\n}); //sign out\nadminPage.getAdminMenuIcon().click();\nadminPage.getSignOutLink().click();\nsignOutPage.getEntireContent().should('be.visible', 'You’ve signed out of Slack');\nsignOutPage.getSignInAgainLink().click();\ncy.slackLoggingIn('@memberName', 'slack123');\nhomePg.getTeamHeaderMenu().click();\ncy.searchTeamMenu('Settings & administration');\ncy.searchTeamSubMenu('Manage members');",
              "err": {
                "message": "AssertionError: Timed out retrying: Expected to find element: `.p-admin_member_table__row__display_name`, but never found it.",
                "estack": "AssertionError: Timed out retrying: Expected to find element: `.p-admin_member_table__row__display_name`, but never found it.\n    at adminPg.getMemberNameLocator (https://slacktest2-global.slack.com/__cypress/tests?p=cypress\\integration\\slackTestsuite\\TC10_managePermissions.js:165:17)\n    at Context.eval (https://slacktest2-global.slack.com/__cypress/tests?p=cypress\\integration\\slackTestsuite\\TC10_managePermissions.js:68:15)",
                "diff": null
              },
              "uuid": "1fde88b2-55af-464c-b69f-8443e8e95aeb",
              "parentUUID": "9c7f0189-5122-46a8-98cc-d6d3540fbe91",
              "isHook": false,
              "skipped": false
            }
          ],
          "suites": [],
          "passes": [],
          "failures": [
            "1fde88b2-55af-464c-b69f-8443e8e95aeb"
          ],
          "pending": [],
          "skipped": [],
          "duration": 124872,
          "root": false,
          "rootEmpty": false,
          "_timeout": 2000
        }
      ],
      "passes": [],
      "failures": [],
      "pending": [],
      "skipped": [],
      "duration": 0,
      "root": true,
      "rootEmpty": true,
      "_timeout": 2000
    }
  ],
  "meta": {
    "mocha": {
      "version": "7.0.1"
    },
    "mochawesome": {
      "options": {
        "quiet": false,
        "reportFilename": "mochawesome",
        "saveHtml": true,
        "saveJson": true,
        "consoleReporter": "spec",
        "useInlineDiffs": false,
        "code": true
      },
      "version": "6.1.1"
    },
    "marge": {
      "options": null,
      "version": "5.1.0"
    }
  }
}